1 
2 
3 
4 
5 
6 
7 
8 
9 
10 
11 
12 
13 
14 
15 
16 
17 
18 
19 
20 
21 
22 
23 
24 
25 
26 
27 
28 
29 
30 
31 
32 
33 
38 
43 
44 
45 
50 
52 
56 
57 
58 
59 
60 
61 
63 
65 
66 
67 
68 
78 
79 
80 
81 
82 
83 
84 
85 
86 
89 
92 
95 
98 
99 
100 
102 
103 
104 
109 
110 
111 
113 
114 
124 
125 
130 
132 
135 
139 
142 
148 
153 
160 
167 
169 
170 
181 
182 
183 
184 
188 
190 
191 
192 
193 
194 
195 
196 
198 
200 
201 
202 
204 
209 
211 
212 
214 
218 
220 
222 
223 
225 
226 
227 
228 
229 
231 
233 
235 
239 
240 
244 
255 
257 
259 
260 
261 
262 
263 
264 
265 
266 
269 
270 
272 
273 
275 
277 
279 
283 
289 
291 
293 
295 
296 
297 
305 
310 
311 
318 
322 
329 
331 
332 
335 
351 
352 
354 
356 
359 
363 
367 
368 
370 
371 
373 
374 
376 
377 
389 
390 
391 
392 
394 
397 
399 
403 
404 
406 
416 
417 
419 
422 
425 
429 
434 
436 
437 
439 
443 
